<?xml version="1.0" encoding="UTF-8"?>
<testsuite name="org.example.PluginTest1" tests="1" skipped="0" failures="1" errors="0" timestamp="2024-04-12T08:08:21" hostname="mnjuguna-ThinkPad-E14-Gen-4" time="0.809">
  <properties/>
  <testcase name="pluginRegistersATask()" classname="org.example.PluginTest1" time="0.809">
    <failure message="org.gradle.api.plugins.InvalidPluginException: Could not find implementation class 'org.example.1Plugin' for plugin 'org.example.greeting' specified in file:/home/mnjuguna/Documents/Week2%20IP/gallery/plugin/build/resources/main/META-INF/gradle-plugins/org.example.greeting.properties." type="org.gradle.api.plugins.InvalidPluginException">org.gradle.api.plugins.InvalidPluginException: Could not find implementation class 'org.example.1Plugin' for plugin 'org.example.greeting' specified in file:/home/mnjuguna/Documents/Week2%20IP/gallery/plugin/build/resources/main/META-INF/gradle-plugins/org.example.greeting.properties.
	at org.gradle.api.internal.plugins.DefaultPluginRegistry$1.load(DefaultPluginRegistry.java:77)
	at org.gradle.api.internal.plugins.DefaultPluginRegistry$1.load(DefaultPluginRegistry.java:55)
	at org.gradle.internal.impldep.com.google.common.cache.LocalCache$LoadingValueReference.loadFuture(LocalCache.java:3571)
	at org.gradle.internal.impldep.com.google.common.cache.LocalCache$Segment.loadSync(LocalCache.java:2313)
	at org.gradle.internal.impldep.com.google.common.cache.LocalCache$Segment.lockedGetOrLoad(LocalCache.java:2190)
	at org.gradle.internal.impldep.com.google.common.cache.LocalCache$Segment.get(LocalCache.java:2080)
	at org.gradle.internal.impldep.com.google.common.cache.LocalCache.get(LocalCache.java:4012)
	at org.gradle.internal.impldep.com.google.common.cache.LocalCache.getOrLoad(LocalCache.java:4035)
	at org.gradle.internal.impldep.com.google.common.cache.LocalCache$LocalLoadingCache.get(LocalCache.java:5013)
	at org.gradle.api.internal.plugins.DefaultPluginRegistry.uncheckedGet(DefaultPluginRegistry.java:188)
	at org.gradle.api.internal.plugins.DefaultPluginRegistry.lookup(DefaultPluginRegistry.java:183)
	at org.gradle.api.internal.plugins.DefaultPluginRegistry.lookup(DefaultPluginRegistry.java:167)
	at org.gradle.api.internal.plugins.DefaultPluginRegistry.lookup(DefaultPluginRegistry.java:161)
	at org.gradle.api.internal.plugins.DefaultPluginRegistry.lookup(DefaultPluginRegistry.java:161)
	at org.gradle.api.internal.plugins.DefaultPluginRegistry.lookup(DefaultPluginRegistry.java:161)
	at org.gradle.api.internal.plugins.DefaultPluginContainer.apply(DefaultPluginContainer.java:62)
	at org.example.PluginTest1.pluginRegistersATask(1PluginTest.java:18)
	at java.base/java.lang.reflect.Method.invoke(Method.java:580)
	at java.base/java.util.ArrayList.forEach(ArrayList.java:1596)
	at java.base/java.util.ArrayList.forEach(ArrayList.java:1596)
Caused by: java.lang.ClassNotFoundException: org.example.1Plugin
	at java.base/java.lang.ClassLoader.findClass(ClassLoader.java:733)
	at java.base/java.lang.ClassLoader.loadClass(ClassLoader.java:593)
	at org.gradle.internal.classloader.CachingClassLoader.loadClass(CachingClassLoader.java:56)
	at java.base/java.lang.ClassLoader.loadClass(ClassLoader.java:526)
	at org.gradle.api.internal.plugins.DefaultPluginRegistry$1.load(DefaultPluginRegistry.java:75)
	... 19 more
</failure>
  </testcase>
  <system-out><![CDATA[]]></system-out>
  <system-err><![CDATA[]]></system-err>
</testsuite>
